<?xml version="1.0" encoding="UTF-8"?>
<!-- Generated by org.testng.reporters.JUnitReportReporter -->
<testsuite hostname="LAPTOP-V8MM7FLF" failures="0" tests="1" name="com.saucedemo.TESTPACK.TC004selectallproduct" time="3.201" errors="0" timestamp="2023-03-07T16:41:01 IST" skipped="0">
  <testcase classname="com.saucedemo.TESTPACK.TC004selectallproduct" name="verifyproduct" time="3.201"/>
  <system-out/>
</testsuite> <!-- com.saucedemo.TESTPACK.TC004selectallproduct -->
